[1] Chargement données ...
    Test : 1900 imgs  MEL:339, NV:965, BCC:250, AK:65, BKL:197, DF:18, VASC:19, SCC:47

    Fréquences train (π_c) :
      MEL   : 17.9%  log(π)=-1.723
      NV    : 50.8%  log(π)=-0.677
      BCC   : 13.1%  log(π)=-2.031
      AK    : 3.4%  log(π)=-3.375
      BKL   : 10.4%  log(π)=-2.267
      DF    : 0.9%  log(π)=-4.664
      VASC  : 1.0%  log(π)=-4.607
      SCC   : 2.5%  log(π)=-3.697

==========================================================================================
  Modèle : Baseline (CE)  (resnet50_isic2019_v3.keras)
==========================================================================================
  Dense : dense  W=(2048, 8)

  [a] Logits baseline ...

    MEL     NV    BCC     AK    BKL     DF   VASC    SCC
──────────────────────────────────────────────────────────────────────────────────────────────────────────────
  Baseline (CE) (baseline)             glob=67.7%  bal=43.2%  σ=23.6%  [ 47.2   85.9   74.4   26.2   36.5   33.3   10.5   31.9]  Δbest=+0.0pp  Δworst=-0.0pp  47.70s

  Normes colonnes W :
    MEL   : 1.4225
    NV    : 1.4044
    BCC   : 1.4371
    AK    : 1.5655
    BKL   : 1.4368
    DF    : 1.6034
    VASC  : 1.5805
    SCC   : 1.4887

  [b] τ-normalization ...
    τ-norm τ=0.25                      glob=67.6%  bal=42.9%  σ=23.8%  [ 46.9   86.0   74.4   24.6   35.5   33.3   10.5   31.9]  Δbest=+0.1pp  Δworst=-1.6pp  44.42s
    τ-norm τ=0.5                       glob=67.6%  bal=42.5%  σ=24.1%  [ 46.9   86.2   74.4   21.5   35.5   33.3   10.5   31.9]  Δbest=+0.3pp  Δworst=-4.7pp  43.62s
    τ-norm τ=0.75                      glob=67.4%  bal=42.1%  σ=24.4%  [ 46.6   86.2   74.4   20.0   35.5   33.3   10.5   29.8]  Δbest=+0.3pp  Δworst=-6.2pp  34.24s
    τ-norm τ=1.0                       glob=67.3%  bal=41.7%  σ=24.8%  [ 46.6   86.2   74.4   16.9   35.5   33.3   10.5   29.8]  Δbest=+0.3pp  Δworst=-9.3pp  25.14s
    τ-norm τ=1.25                      glob=67.3%  bal=41.6%  σ=24.8%  [ 46.6   86.3   74.4   16.9   34.5   33.3   10.5   29.8]  Δbest=+0.4pp  Δworst=-9.3pp  23.60s
    τ-norm τ=1.5                       glob=67.4%  bal=41.4%  σ=25.0%  [ 46.3   86.6   74.4   16.9   35.0   33.3   10.5   27.7]  Δbest=+0.7pp  Δworst=-9.3pp  22.22s
    τ-norm τ=2.0                       glob=67.5%  bal=40.8%  σ=25.6%  [ 46.6   86.9   74.4   13.8   35.5   33.3   10.5   25.5]  Δbest=+1.0pp  Δworst=-12.4pp  23.64s

  → Best τ-norm : τ=0.25  σ=23.8%  bal=42.9%

  [c] Logit Adjustment ...
    Logit Adj. τ=0.25                  glob=14.9%  bal=35.7%  σ=24.1%  [ 23.0    1.7   40.4   32.3   12.7   83.3   57.9   34.0]  Δbest=+50.0pp  Δworst=-84.2pp  0.00s
    Logit Adj. τ=0.5                   glob=2.2%  bal=20.6%  σ=30.8%  [  0.0    0.0    0.0    7.7    0.0   94.4   36.8   25.5]  Δbest=+61.1pp  Δworst=-85.9pp  0.00s
    Logit Adj. τ=1.0                   glob=1.3%  bal=16.7%  σ=33.1%  [  0.0    0.0    0.0    0.0    0.0  100.0   31.6    2.1]  Δbest=+66.7pp  Δworst=-85.9pp  0.00s
    Logit Adj. τ=1.5                   glob=1.2%  bal=15.1%  σ=32.8%  [  0.0    0.0    0.0    0.0    0.0  100.0   21.1    0.0]  Δbest=+66.7pp  Δworst=-85.9pp  0.00s
    Logit Adj. τ=2.0                   glob=1.1%  bal=14.5%  σ=32.7%  [  0.0    0.0    0.0    0.0    0.0  100.0   15.8    0.0]  Δbest=+66.7pp  Δworst=-85.9pp  0.00s

  → Best Logit Adj. : τ=0.25  σ=24.1%  bal=35.7%

==========================================================================================
  Modèle : FL  (results/focal_loss_isic2019_v2/model_focal.keras)
==========================================================================================
  Dense : dense  W=(2048, 8)

  [a] Logits baseline ...

    MEL     NV    BCC     AK    BKL     DF   VASC    SCC
──────────────────────────────────────────────────────────────────────────────────────────────────────────────
  FL (baseline)                        glob=72.5%  bal=49.2%  σ=20.8%  [ 58.4   88.7   72.0   35.4   46.7   27.8   26.3   38.3]  Δbest=+0.0pp  Δworst=-0.0pp  23.96s

  Normes colonnes W :
    MEL   : 1.4406
    NV    : 1.4093
    BCC   : 1.4531
    AK    : 1.6171
    BKL   : 1.4686
    DF    : 1.6674
    VASC  : 1.6458
    SCC   : 1.5440

  [b] τ-normalization ...
    τ-norm τ=0.25                      glob=72.6%  bal=48.4%  σ=21.8%  [ 58.1   89.1   72.4   33.8   46.7   27.8   21.1   38.3]  Δbest=+0.4pp  Δworst=-5.2pp  28.58s
    τ-norm τ=0.5                       glob=72.8%  bal=48.5%  σ=22.0%  [ 57.8   89.6   72.8   33.8   46.7   27.8   21.1   38.3]  Δbest=+0.9pp  Δworst=-5.2pp  22.08s
    τ-norm τ=0.75                      glob=73.1%  bal=48.5%  σ=22.1%  [ 57.2   90.2   72.8   33.8   47.2   27.8   21.1   38.3]  Δbest=+1.5pp  Δworst=-5.2pp  23.76s
    τ-norm τ=1.0                       glob=73.1%  bal=48.1%  σ=22.5%  [ 56.9   90.5   73.2   32.3   46.7   27.8   21.1   36.2]  Δbest=+1.8pp  Δworst=-5.2pp  28.72s
    τ-norm τ=1.25                      glob=72.9%  bal=46.8%  σ=23.6%  [ 56.3   90.9   73.6   30.8   45.2   22.2   21.1   34.0]  Δbest=+2.2pp  Δworst=-5.6pp  28.65s
    τ-norm τ=1.5                       glob=72.8%  bal=46.6%  σ=23.7%  [ 55.8   91.1   74.0   30.8   43.7   22.2   21.1   34.0]  Δbest=+2.4pp  Δworst=-5.6pp  39.06s
    τ-norm τ=2.0                       glob=72.2%  bal=45.4%  σ=24.1%  [ 54.9   91.2   73.6   27.7   40.6   22.2   21.1   31.9]  Δbest=+2.5pp  Δworst=-7.7pp  39.86s

  → Best τ-norm : τ=0.25  σ=21.8%  bal=48.4%

  [c] Logit Adjustment ...
    Logit Adj. τ=0.25                  glob=13.6%  bal=38.8%  σ=26.9%  [ 23.0    1.0   24.4   36.9   15.7   72.2   84.2   53.2]  Δbest=+57.9pp  Δworst=-87.7pp  0.00s
    Logit Adj. τ=0.5                   glob=2.5%  bal=22.8%  σ=29.2%  [  0.0    0.0    0.0   13.8    0.0   77.8   63.2   27.7]  Δbest=+50.0pp  Δworst=-88.7pp  0.00s
    Logit Adj. τ=1.0                   glob=1.6%  bal=19.0%  σ=30.7%  [  0.0    0.0    0.0    0.0    0.0   83.3   57.9   10.6]  Δbest=+55.5pp  Δworst=-88.7pp  0.00s
    Logit Adj. τ=1.5                   glob=1.4%  bal=18.4%  σ=34.5%  [  0.0    0.0    0.0    0.0    0.0  100.0   47.4    0.0]  Δbest=+72.2pp  Δworst=-88.7pp  0.00s
    Logit Adj. τ=2.0                   glob=1.4%  bal=18.4%  σ=34.5%  [  0.0    0.0    0.0    0.0    0.0  100.0   47.4    0.0]  Δbest=+72.2pp  Δworst=-88.7pp  0.00s

  → Best Logit Adj. : τ=0.25  σ=26.9%  bal=38.8%


══════════════════════════════════════════════════════════════════════════════════════════════════════════════
  RÉSUMÉ COMPARATIF — ISIC-2019 test set (1900 imgs)
══════════════════════════════════════════════════════════════════════════════════════════════════════════════
    MEL     NV    BCC     AK    BKL     DF   VASC    SCC
──────────────────────────────────────────────────────────────────────────────────────────────────────────────
  Baseline (CE)                        glob=69.8%  bal=37.5%  σ=23.6%  [ 47.2   85.9   74.4   26.2   36.5   33.3   10.5   31.9]
  FL seule                             glob=72.5%  bal=49.2%  σ=20.8%  [ 58.4   88.7   72.0   35.4   46.7   27.8   26.3   38.3]  Δbest=+15.8pp  Δworst=-5.5pp
  SS seule                             glob=69.2%  bal=50.1%  σ=17.2%  [ 51.0   84.4   67.5   36.9   52.8   44.4   28.9   35.1]  Δbest=+18.4pp  Δworst=-6.9pp
  FL + SS                              glob=69.8%  bal=51.5%  σ=16.4%  [ 58.1   82.8   65.2   41.5   54.3   38.9   26.3   44.7]  Δbest=+17.8pp  Δworst=-9.2pp
──────────────────────────────────────────────────────────────────────────────────────────────────────────────
  τ-norm CE  (τ=0.25)                  glob=67.6%  bal=42.9%  σ=23.8%  [ 46.9   86.0   74.4   24.6   35.5   33.3   10.5   31.9]  Δbest=+0.1pp  Δworst=-1.6pp
  Logit Adj. CE (τ=0.25)               glob=14.9%  bal=35.7%  σ=24.1%  [ 23.0    1.7   40.4   32.3   12.7   83.3   57.9   34.0]  Δbest=+50.0pp  Δworst=-84.2pp
  τ-norm FL  (τ=0.25)                  glob=72.6%  bal=48.4%  σ=21.8%  [ 58.1   89.1   72.4   33.8   46.7   27.8   21.1   38.3]  Δbest=+10.9pp  Δworst=-5.5pp
  Logit Adj. FL (τ=0.25)               glob=13.6%  bal=38.8%  σ=26.9%  [ 23.0    1.0   24.4   36.9   15.7   72.2   84.2   53.2]  Δbest=+73.7pp  Δworst=-84.9pp
══════════════════════════════════════════════════════════════════════════════════════════════════════════════

  CSV → results/compare_posthoc/isic2019_posthoc.csv
